<?xml version="1.0" encoding="UTF-8"?>
<!-- Generated by org.testng.reporters.JUnitXMLReporter -->
<testsuite ignored="0" hostname="ACSIPL-54" failures="0" tests="1" name="FireFoxTest" time="0.032" errors="0" timestamp="2023-06-28T15:58:13 IST">
  <testcase classname="com.cps.genericUtility.BaseClass" name="@BeforeClass launchTheBrowser" time="0.001">
    <failure type="java.lang.NullPointerException">
      <![CDATA[java.lang.NullPointerException
at com.cps.genericUtility.BaseClass.launchTheBrowser(BaseClass.java:60)
at java.base/java.util.ArrayList.forEach(ArrayList.java:1540)
... Removed 25 stack frames]]>
    </failure>
  </testcase> <!-- @BeforeClass launchTheBrowser -->
  <testcase classname="com.cps.genericUtility.BaseClass" name="@BeforeMethod loginToAppln" time="-1.687948093202E9">
    <skipped/>
  </testcase> <!-- @BeforeMethod loginToAppln -->
  <testcase classname="com.cps.genericUtility.BaseClass" name="@AfterMethod logoutFromAppln" time="-1.687948093218E9">
    <skipped/>
  </testcase> <!-- @AfterMethod logoutFromAppln -->
  <testcase classname="com.cps.genericUtility.BaseClass" name="@AfterClass closeTheBrowser" time="-1.687948093221E9">
    <skipped/>
  </testcase> <!-- @AfterClass closeTheBrowser -->
  <testcase classname="com.cmd.R.Add_Note" name="addNote" time="0.0">
    <skipped/>
  </testcase> <!-- addNote -->
</testsuite> <!-- FireFoxTest -->
