<?xml version="1.0" encoding="UTF-8"?>
<testng-results ignored="0" total="1" passed="1" failed="0" skipped="0">
  <reporter-output>
    <line>
      <![CDATA[Successfully created User----priority=0]]>
    </line>
  </reporter-output>
  <suite started-at="2023-03-13T14:24:19 IST" name="Default suite" finished-at="2023-03-13T14:24:28 IST" duration-ms="9109">
    <groups>
    </groups>
    <test started-at="2023-03-13T14:24:19 IST" name="Default test" finished-at="2023-03-13T14:24:28 IST" duration-ms="9109">
      <class name="com.cps.OrangeHRM.New_User_OrangeHrm">
        <test-method is-config="true" signature="launchTheBrowser()[pri:0, instance:com.cps.OrangeHRM.New_User_OrangeHrm@48aca48b]" started-at="2023-03-13T14:24:19 IST" name="launchTheBrowser" finished-at="2023-03-13T14:24:23 IST" duration-ms="3796" status="PASS">
          <reporter-output>
          </reporter-output>
        </test-method> <!-- launchTheBrowser -->
        <test-method is-config="true" signature="loginToAppln()[pri:0, instance:com.cps.OrangeHRM.New_User_OrangeHrm@48aca48b]" started-at="2023-03-13T14:24:23 IST" name="loginToAppln" finished-at="2023-03-13T14:24:24 IST" duration-ms="1675" status="PASS">
          <reporter-output>
          </reporter-output>
        </test-method> <!-- loginToAppln -->
        <test-method signature="create_User()[pri:0, instance:com.cps.OrangeHRM.New_User_OrangeHrm@48aca48b]" started-at="2023-03-13T14:24:24 IST" name="create_User" finished-at="2023-03-13T14:24:28 IST" duration-ms="3173" status="PASS">
          <reporter-output>
            <line>
              <![CDATA[Successfully created User----priority=0]]>
            </line>
          </reporter-output>
        </test-method> <!-- create_User -->
        <test-method is-config="true" signature="logoutFromAppln()[pri:0, instance:com.cps.OrangeHRM.New_User_OrangeHrm@48aca48b]" started-at="2023-03-13T14:24:28 IST" name="logoutFromAppln" finished-at="2023-03-13T14:24:28 IST" duration-ms="0" status="PASS">
          <reporter-output>
          </reporter-output>
        </test-method> <!-- logoutFromAppln -->
        <test-method is-config="true" signature="closeTheBrowser()[pri:0, instance:com.cps.OrangeHRM.New_User_OrangeHrm@48aca48b]" started-at="2023-03-13T14:24:28 IST" name="closeTheBrowser" finished-at="2023-03-13T14:24:28 IST" duration-ms="426" status="PASS">
          <reporter-output>
          </reporter-output>
        </test-method> <!-- closeTheBrowser -->
      </class> <!-- com.cps.OrangeHRM.New_User_OrangeHrm -->
    </test> <!-- Default test -->
  </suite> <!-- Default suite -->
</testng-results>
