<?xml version="1.0" encoding="UTF-8"?>
<testng-results ignored="0" total="1" passed="1" failed="0" skipped="0">
  <reporter-output>
  </reporter-output>
  <suite started-at="2023-01-23T16:43:28 IST" name="Default suite" finished-at="2023-01-23T16:45:17 IST" duration-ms="108795">
    <groups>
      <group name="smokeTest">
        <method signature="createTask_TC_01.createTaskAndVerify()[pri:0, instance:com.cmd.createTask.createTask_TC_01@2d710f1a]" name="createTaskAndVerify" class="com.cmd.createTask.createTask_TC_01"/>
      </group> <!-- smokeTest -->
    </groups>
    <test started-at="2023-01-23T16:43:28 IST" name="Default test" finished-at="2023-01-23T16:45:17 IST" duration-ms="108795">
      <class name="com.cmd.createTask.createTask_TC_01">
        <test-method is-config="true" signature="launchTheBrowser()[pri:0, instance:com.cmd.createTask.createTask_TC_01@2d710f1a]" started-at="2023-01-23T16:43:28 IST" name="launchTheBrowser" finished-at="2023-01-23T16:45:16 IST" duration-ms="108342" status="PASS">
          <reporter-output>
          </reporter-output>
        </test-method> <!-- launchTheBrowser -->
        <test-method is-config="true" signature="loginToAppln()[pri:0, instance:com.cmd.createTask.createTask_TC_01@2d710f1a]" started-at="2023-01-23T16:45:16 IST" name="loginToAppln" finished-at="2023-01-23T16:45:17 IST" duration-ms="402" status="PASS">
          <reporter-output>
          </reporter-output>
        </test-method> <!-- loginToAppln -->
        <test-method signature="createTaskAndVerify()[pri:0, instance:com.cmd.createTask.createTask_TC_01@2d710f1a]" started-at="2023-01-23T16:45:17 IST" name="createTaskAndVerify" finished-at="2023-01-23T16:45:17 IST" duration-ms="4" status="PASS">
          <reporter-output>
          </reporter-output>
        </test-method> <!-- createTaskAndVerify -->
      </class> <!-- com.cmd.createTask.createTask_TC_01 -->
    </test> <!-- Default test -->
  </suite> <!-- Default suite -->
</testng-results>
