<?xml version="1.0" encoding="UTF-8"?>
<testng-results ignored="0" total="1" passed="1" failed="0" skipped="0">
  <reporter-output>
  </reporter-output>
  <suite started-at="2024-04-24T12:18:34 IST" name="Default suite" finished-at="2024-04-24T12:18:36 IST" duration-ms="1479">
    <groups>
    </groups>
    <test started-at="2024-04-24T12:18:34 IST" name="Default test" finished-at="2024-04-24T12:18:36 IST" duration-ms="1479">
      <class name="fisrtApi.SumValidation">
        <test-method signature="sumOfcourses()[pri:0, instance:fisrtApi.SumValidation@6a370f4]" started-at="2024-04-24T12:18:34 IST" name="sumOfcourses" finished-at="2024-04-24T12:18:36 IST" duration-ms="1427" status="PASS">
          <reporter-output>
          </reporter-output>
        </test-method> <!-- sumOfcourses -->
      </class> <!-- fisrtApi.SumValidation -->
    </test> <!-- Default test -->
  </suite> <!-- Default suite -->
</testng-results>
