<?xml version="1.0" encoding="UTF-8"?>
<testng-results ignored="0" total="2" passed="2" failed="0" skipped="0">
  <reporter-output>
  </reporter-output>
  <suite started-at="2023-01-06T10:49:16 IST" name="Suite" finished-at="2023-01-06T10:49:16 IST" duration-ms="56">
    <groups>
    </groups>
    <test started-at="2023-01-06T10:49:16 IST" name="Test" finished-at="2023-01-06T10:49:16 IST" duration-ms="56">
      <class name="trial.NewTest">
        <test-method is-config="true" signature="beforeMethod()[pri:0, instance:trial.NewTest@2177849e]" started-at="2023-01-06T10:49:16 IST" name="beforeMethod" finished-at="2023-01-06T10:49:16 IST" duration-ms="4" status="PASS">
          <reporter-output>
          </reporter-output>
        </test-method> <!-- beforeMethod -->
        <test-method signature="f()[pri:0, instance:trial.NewTest@2177849e]" started-at="2023-01-06T10:49:16 IST" name="f" finished-at="2023-01-06T10:49:16 IST" duration-ms="5" status="PASS">
          <reporter-output>
          </reporter-output>
        </test-method> <!-- f -->
        <test-method is-config="true" signature="afterMethod()[pri:0, instance:trial.NewTest@2177849e]" started-at="2023-01-06T10:49:16 IST" name="afterMethod" finished-at="2023-01-06T10:49:16 IST" duration-ms="0" status="PASS">
          <reporter-output>
          </reporter-output>
        </test-method> <!-- afterMethod -->
      </class> <!-- trial.NewTest -->
      <class name="day_1.day_1">
        <test-method signature="Demo()[pri:0, instance:day_1.day_1@51dcb805]" started-at="2023-01-06T10:49:16 IST" name="Demo" finished-at="2023-01-06T10:49:16 IST" duration-ms="2" status="PASS">
          <reporter-output>
          </reporter-output>
        </test-method> <!-- Demo -->
      </class> <!-- day_1.day_1 -->
    </test> <!-- Test -->
  </suite> <!-- Suite -->
</testng-results>
