<?xml version="1.0" encoding="UTF-8"?>
<!-- Generated by org.testng.reporters.JUnitXMLReporter -->
<testsuite ignored="0" hostname="ACSIPL-06" failures="0" tests="10" name="Test" time="23.231" errors="0" timestamp="2023-03-10T12:29:52 IST">
  <testcase classname="com.cps.OrangeHRM.Demo3AddUser" name="addUser" time="0.014"/>
  <testcase classname="com.cps.OrangeHRM.Demo3AddUser" name="editUser" time="0.003"/>
  <testcase classname="com.cps.OrangeHRM.Demo3AddUser" name="checkUser1" time="0.007"/>
  <testcase classname="com.cps.OrangeHRM.Demo3AddUser" name="saveUser1" time="0.002"/>
  <testcase classname="com.cps.OrangeHRM.Demo3AddUser" name="saveUser1" time="0.002"/>
  <testcase classname="com.cps.OrangeHRM.Demo3AddUser" name="saveUser1" time="0.005"/>
  <testcase classname="com.cps.OrangeHRM.New_User_OrangeHrm" name="create_User" time="3.358"/>
  <testcase classname="com.cps.OrangeHRM.Demo3AddUser" name="deletUser1" time="0.001"/>
  <testcase classname="com.cps.OrangeHRM.Demo1DeleteUser" name="deleteCustomer" time="0.842"/>
  <testcase classname="com.cps.OrangeHRM.Demo2EditUser" name="editGeneralInfo" time="2.032"/>
</testsuite> <!-- Test -->
