<?xml version="1.0" encoding="UTF-8"?>
<testng-results ignored="0" total="1" passed="1" failed="0" skipped="0">
  <reporter-output>
    <line>
      <![CDATA[Successfully Edited--priority=1]]>
    </line>
  </reporter-output>
  <suite started-at="2023-07-11T16:56:13 IST" name="Default suite" finished-at="2023-07-11T16:56:21 IST" duration-ms="8045">
    <groups>
    </groups>
    <test started-at="2023-07-11T16:56:13 IST" name="Default test" finished-at="2023-07-11T16:56:21 IST" duration-ms="8045">
      <class name="com.moduleName.OrangeHRM.Demo2EditUser">
        <test-method is-config="true" signature="launchTheBrowser()[pri:0, instance:com.moduleName.OrangeHRM.Demo2EditUser@73e9cf30]" started-at="2023-07-11T16:56:13 IST" name="launchTheBrowser" finished-at="2023-07-11T16:56:17 IST" duration-ms="3685" status="PASS">
          <reporter-output>
          </reporter-output>
        </test-method> <!-- launchTheBrowser -->
        <test-method is-config="true" signature="loginToAppln()[pri:0, instance:com.moduleName.OrangeHRM.Demo2EditUser@73e9cf30]" started-at="2023-07-11T16:56:17 IST" name="loginToAppln" finished-at="2023-07-11T16:56:18 IST" duration-ms="1329" status="PASS">
          <reporter-output>
          </reporter-output>
        </test-method> <!-- loginToAppln -->
        <test-method signature="editGeneralInfo()[pri:1, instance:com.moduleName.OrangeHRM.Demo2EditUser@73e9cf30]" started-at="2023-07-11T16:56:18 IST" name="editGeneralInfo" finished-at="2023-07-11T16:56:20 IST" duration-ms="1805" status="PASS">
          <reporter-output>
            <line>
              <![CDATA[Successfully Edited--priority=1]]>
            </line>
          </reporter-output>
        </test-method> <!-- editGeneralInfo -->
        <test-method is-config="true" signature="logoutFromAppln()[pri:0, instance:com.moduleName.OrangeHRM.Demo2EditUser@73e9cf30]" started-at="2023-07-11T16:56:20 IST" name="logoutFromAppln" finished-at="2023-07-11T16:56:20 IST" duration-ms="0" status="PASS">
          <reporter-output>
          </reporter-output>
        </test-method> <!-- logoutFromAppln -->
        <test-method is-config="true" signature="closeTheBrowser()[pri:0, instance:com.moduleName.OrangeHRM.Demo2EditUser@73e9cf30]" started-at="2023-07-11T16:56:20 IST" name="closeTheBrowser" finished-at="2023-07-11T16:56:21 IST" duration-ms="862" status="PASS">
          <reporter-output>
          </reporter-output>
        </test-method> <!-- closeTheBrowser -->
      </class> <!-- com.moduleName.OrangeHRM.Demo2EditUser -->
    </test> <!-- Default test -->
  </suite> <!-- Default suite -->
</testng-results>
