<?xml version="1.0" encoding="UTF-8"?>
<!-- Generated by org.testng.reporters.JUnitReportReporter -->
<testsuite hostname="ACSIPL-06" failures="0" tests="1" name="com.cps.OrangeHRM.LoginAndVerify" time="14.504" errors="0" timestamp="2023-03-07T12:14:30 IST" skipped="0">
  <testcase classname="com.cps.OrangeHRM.LoginAndVerify" name="addUser" time="14.504"/>
  <system-out>
    <![CDATA[Dashboard page is displayed, PASS
Admin page is displayed, PASS]]>
  </system-out>
</testsuite> <!-- com.cps.OrangeHRM.LoginAndVerify -->
