<?xml version="1.0" encoding="UTF-8"?>
<!-- Generated by org.testng.reporters.JUnitReportReporter -->
<testsuite hostname="ACSIPL-06" failures="0" tests="7" name="com.cps.OrangeHRM.Demo3AddUser" time="0.022" errors="0" timestamp="2023-03-13T12:25:12 IST" skipped="0">
  <testcase classname="com.cps.OrangeHRM.Demo3AddUser" name="addUser" time="0.008"/>
  <system-out>
    <![CDATA[Successfully added  User----priority=-1]]>
  </system-out>
  <testcase classname="com.cps.OrangeHRM.Demo3AddUser" name="deletUser1" time="0.002"/>
  <system-out>
    <![CDATA[Successfully deleted  User----priority=0]]>
  </system-out>
  <testcase classname="com.cps.OrangeHRM.Demo3AddUser" name="editUser" time="0.001"/>
  <system-out>
    <![CDATA[Successfully edited  User----priority=non]]>
  </system-out>
  <testcase classname="com.cps.OrangeHRM.Demo3AddUser" name="saveUser1" time="0.002"/>
  <system-out>
    <![CDATA[Successfully save  User----priority=1]]>
  </system-out>
  <testcase classname="com.cps.OrangeHRM.Demo3AddUser" name="saveUser1" time="0.003"/>
  <system-out>
    <![CDATA[Successfully save  User----priority=1]]>
  </system-out>
  <testcase classname="com.cps.OrangeHRM.Demo3AddUser" name="checkUser1" time="0.004"/>
  <system-out>
    <![CDATA[Successfully check  User----priority=1]]>
  </system-out>
  <testcase classname="com.cps.OrangeHRM.Demo3AddUser" name="saveUser1" time="0.002"/>
  <system-out>
    <![CDATA[Successfully save  User----priority=1]]>
  </system-out>
</testsuite> <!-- com.cps.OrangeHRM.Demo3AddUser -->
