# JRE version: OpenJDK Runtime Environment Temurin-17.0.5+8 (17.0.5+8) (build 17.0.5+8)
# Java VM: OpenJDK 64-Bit Server VM Temurin-17.0.5+8 (17.0.5+8, mixed mode, tiered, compressed oops, compressed class ptrs, g1 gc, windows-amd64)
GC Precious Log:
 CPUs: 4 total, 4 available
 Memory: 8092M
 Large Page Support: Disabled
 NUMA Support: Disabled
 Compressed Oops: Enabled (32-bit)
 Heap Region Size: 1M
 Heap Min Capacity: 256M
 Heap Initial Capacity: 256M
 Heap Max Capacity: 2G
 Pre-touch: Disabled
 Parallel Workers: 4
 Concurrent Workers: 1
 Concurrent Refinement Workers: 4
 Periodic GC: Disabled
 String Deduplication is enabled
Heap:
 garbage-first heap   total 262144K, used 192752K [0x0000000080000000, 0x0000000100000000)
  region size 1024K, 74 young (75776K), 7 survivors (7168K)
 Metaspace       used 130241K, committed 132928K, reserved 1171456K
  class space    used 14910K, committed 16064K, reserved 1048576K
GC Heap History (20 events):
Event: 16.009 GC heap before
{Heap before GC invocations=13 (full 0):
 garbage-first heap   total 262144K, used 182617K [0x0000000080000000, 0x0000000100000000)
  region size 1024K, 141 young (144384K), 14 survivors (14336K)
 Metaspace       used 91290K, committed 93248K, reserved 1130496K
  class space    used 10601K, committed 11456K, reserved 1048576K
}
Event: 16.031 GC heap after
{Heap after GC invocations=14 (full 0):
 garbage-first heap   total 262144K, used 67072K [0x0000000080000000, 0x0000000100000000)
  region size 1024K, 16 young (16384K), 16 survivors (16384K)
 Metaspace       used 91290K, committed 93248K, reserved 1130496K
  class space    used 10601K, committed 11456K, reserved 1048576K
}
Event: 17.802 GC heap before
{Heap before GC invocations=14 (full 0):
 garbage-first heap   total 262144K, used 190976K [0x0000000080000000, 0x0000000100000000)
  region size 1024K, 136 young (139264K), 16 survivors (16384K)
 Metaspace       used 102366K, committed 104448K, reserved 1146880K
  class space    used 11861K, committed 12672K, reserved 1048576K
}
Event: 17.822 GC heap after
{Heap after GC invocations=15 (full 0):
 garbage-first heap   total 262144K, used 77798K [0x0000000080000000, 0x0000000100000000)
  region size 1024K, 11 young (11264K), 11 survivors (11264K)
 Metaspace       used 102366K, committed 104448K, reserved 1146880K
  class space    used 11861K, committed 12672K, reserved 1048576K
}
Event: 30.836 GC heap before
{Heap before GC invocations=15 (full 0):
 garbage-first heap   total 262144K, used 196582K [0x0000000080000000, 0x0000000100000000)
  region size 1024K, 127 young (130048K), 11 survivors (11264K)
 Metaspace       used 110242K, committed 112640K, reserved 1155072K
  class space    used 12853K, committed 13824K, reserved 1048576K
}
Event: 30.858 GC heap after
{Heap after GC invocations=16 (full 0):
 garbage-first heap   total 262144K, used 93184K [0x0000000080000000, 0x0000000100000000)
  region size 1024K, 16 young (16384K), 16 survivors (16384K)
 Metaspace       used 110242K, committed 112640K, reserved 1155072K
  class space    used 12853K, committed 13824K, reserved 1048576K
}
Event: 31.427 GC heap before
{Heap before GC invocations=16 (full 0):
 garbage-first heap   total 262144K, used 202752K [0x0000000080000000, 0x0000000100000000)
  region size 1024K, 120 young (122880K), 16 survivors (16384K)
 Metaspace       used 111510K, committed 113920K, reserved 1155072K
  class space    used 12991K, committed 13952K, reserved 1048576K
}
Event: 31.445 GC heap after
{Heap after GC invocations=17 (full 0):
 garbage-first heap   total 262144K, used 98304K [0x0000000080000000, 0x0000000100000000)
  region size 1024K, 5 young (5120K), 5 survivors (5120K)
 Metaspace       used 111510K, committed 113920K, reserved 1155072K
  class space    used 12991K, committed 13952K, reserved 1048576K
}
Event: 32.872 GC heap before
{Heap before GC invocations=17 (full 0):
 garbage-first heap   total 262144K, used 210944K [0x0000000080000000, 0x0000000100000000)
  region size 1024K, 109 young (111616K), 5 survivors (5120K)
 Metaspace       used 113090K, committed 115520K, reserved 1155072K
  class space    used 13148K, committed 14144K, reserved 1048576K
}
Event: 32.882 GC heap after
{Heap after GC invocations=18 (full 0):
 garbage-first heap   total 262144K, used 103751K [0x0000000080000000, 0x0000000100000000)
  region size 1024K, 9 young (9216K), 9 survivors (9216K)
 Metaspace       used 113090K, committed 115520K, reserved 1155072K
  class space    used 13148K, committed 14144K, reserved 1048576K
}
Event: 37.178 GC heap before
{Heap before GC invocations=18 (full 0):
 garbage-first heap   total 262144K, used 224583K [0x0000000080000000, 0x0000000100000000)
  region size 1024K, 111 young (113664K), 9 survivors (9216K)
 Metaspace       used 116179K, committed 118720K, reserved 1155072K
  class space    used 13561K, committed 14656K, reserved 1048576K
}
Event: 37.186 GC heap after
{Heap after GC invocations=19 (full 0):
 garbage-first heap   total 262144K, used 109441K [0x0000000080000000, 0x0000000100000000)
  region size 1024K, 8 young (8192K), 8 survivors (8192K)
 Metaspace       used 116179K, committed 118720K, reserved 1155072K
  class space    used 13561K, committed 14656K, reserved 1048576K
}
Event: 50.188 GC heap before
{Heap before GC invocations=19 (full 0):
 garbage-first heap   total 262144K, used 212865K [0x0000000080000000, 0x0000000100000000)
  region size 1024K, 109 young (111616K), 8 survivors (8192K)
 Metaspace       used 122422K, committed 124992K, reserved 1163264K
  class space    used 14271K, committed 15360K, reserved 1048576K
}
Event: 50.196 GC heap after
{Heap after GC invocations=20 (full 0):
 garbage-first heap   total 262144K, used 113167K [0x0000000080000000, 0x0000000100000000)
  region size 1024K, 12 young (12288K), 12 survivors (12288K)
 Metaspace       used 122422K, committed 124992K, reserved 1163264K
  class space    used 14271K, committed 15360K, reserved 1048576K
}
Event: 498.507 GC heap before
{Heap before GC invocations=20 (full 0):
 garbage-first heap   total 262144K, used 215567K [0x0000000080000000, 0x0000000100000000)
  region size 1024K, 111 young (113664K), 12 survivors (12288K)
 Metaspace       used 125897K, committed 128512K, reserved 1163264K
  class space    used 14574K, committed 15744K, reserved 1048576K
}
Event: 498.518 GC heap after
{Heap after GC invocations=21 (full 0):
 garbage-first heap   total 262144K, used 116752K [0x0000000080000000, 0x0000000100000000)
  region size 1024K, 10 young (10240K), 10 survivors (10240K)
 Metaspace       used 125897K, committed 128512K, reserved 1163264K
  class space    used 14574K, committed 15744K, reserved 1048576K
}
Event: 640.634 GC heap before
{Heap before GC invocations=21 (full 0):
 garbage-first heap   total 262144K, used 215056K [0x0000000080000000, 0x0000000100000000)
  region size 1024K, 106 young (108544K), 10 survivors (10240K)
 Metaspace       used 129178K, committed 131776K, reserved 1171456K
  class space    used 14896K, committed 16064K, reserved 1048576K
}
Event: 640.646 GC heap after
{Heap after GC invocations=22 (full 0):
 garbage-first heap   total 262144K, used 123544K [0x0000000080000000, 0x0000000100000000)
  region size 1024K, 14 young (14336K), 14 survivors (14336K)
 Metaspace       used 129178K, committed 131776K, reserved 1171456K
  class space    used 14896K, committed 16064K, reserved 1048576K
}
Event: 1912.350 GC heap before
{Heap before GC invocations=22 (full 0):
 garbage-first heap   total 262144K, used 211608K [0x0000000080000000, 0x0000000100000000)
  region size 1024K, 101 young (103424K), 14 survivors (14336K)
 Metaspace       used 129909K, committed 132544K, reserved 1171456K
  class space    used 14909K, committed 16064K, reserved 1048576K
}
Event: 1912.365 GC heap after
{Heap after GC invocations=23 (full 0):
 garbage-first heap   total 262144K, used 125168K [0x0000000080000000, 0x0000000100000000)
  region size 1024K, 7 young (7168K), 7 survivors (7168K)
 Metaspace       used 129909K, committed 132544K, reserved 1171456K
  class space    used 14909K, committed 16064K, reserved 1048576K
}

